<?xml version="1.0" encoding="UTF-8"?>
<!-- Generated by org.testng.reporters.JUnitReportReporter -->
<testsuite hostname="Mithuns-MacBook-Pro.local" failures="0" tests="3" name="TestNG.DependsOn" time="0.027" errors="0" timestamp="2021-06-27T13:59:11 IST" skipped="0">
  <testcase classname="TestNG.DependsOn" name="dopayment" time="0.004"/>
  <system-out/>
  <testcase classname="TestNG.DependsOn" name="payment" time="0.010"/>
  <system-out/>
  <testcase classname="TestNG.DependsOn" name="login" time="0.013"/>
  <system-out/>
</testsuite> <!-- TestNG.DependsOn -->
