<?xml version="1.0" encoding="UTF-8"?>
<!-- Generated by org.testng.reporters.JUnitReportReporter -->
<testsuite hostname="Mithuns-MacBook-Pro.local" failures="0" tests="6" name="TestNG.MultiDataProvider" time="0.019" errors="0" timestamp="2021-08-24T16:42:19 IST" skipped="0">
  <testcase classname="TestNG.MultiDataProvider" name="formfill1" time="0.004"/>
  <system-out/>
  <testcase classname="TestNG.MultiDataProvider" name="formfill" time="0.001"/>
  <system-out/>
  <testcase classname="TestNG.MultiDataProvider" name="formfill" time="0.007"/>
  <system-out/>
  <testcase classname="TestNG.MultiDataProvider" name="formfill" time="0.002"/>
  <system-out/>
  <testcase classname="TestNG.MultiDataProvider" name="formfill1" time="0.002"/>
  <system-out/>
  <testcase classname="TestNG.MultiDataProvider" name="formfill1" time="0.003"/>
  <system-out/>
</testsuite> <!-- TestNG.MultiDataProvider -->
