<?xml version="1.0" encoding="UTF-8"?>
<!-- Generated by org.testng.reporters.JUnitReportReporter -->
<testsuite hostname="Mithuns-MacBook-Pro.local" failures="0" tests="3" name="TestNG.Groups" time="0.028" errors="0" timestamp="2021-07-06T15:40:09 IST" skipped="0">
  <testcase classname="TestNG.Groups" name="testfour" time="0.017"/>
  <system-out/>
  <testcase classname="TestNG.Groups" name="test2" time="0.002"/>
  <system-out/>
  <testcase classname="TestNG.Groups" name="test" time="0.009"/>
  <system-out/>
</testsuite> <!-- TestNG.Groups -->
