<?xml version="1.0" encoding="UTF-8"?>
<!-- Generated by org.testng.reporters.JUnitReportReporter -->
<testsuite hostname="Mithuns-MacBook-Pro.local" failures="0" tests="3" name="TestNG.Parameter" time="0.014" errors="0" timestamp="2021-06-26T13:54:25 IST" skipped="0">
  <testcase classname="TestNG.Parameter" name="formfill" time="0.010"/>
  <system-out/>
  <testcase classname="TestNG.Parameter" name="formfill" time="0.001"/>
  <system-out/>
  <testcase classname="TestNG.Parameter" name="formfill" time="0.003"/>
  <system-out/>
</testsuite> <!-- TestNG.Parameter -->
