<?xml version="1.0" encoding="UTF-8"?>
<!-- Generated by org.testng.reporters.JUnitReportReporter -->
<testsuite hostname="Mithuns-MacBook-Pro.local" failures="0" tests="1" name="TestNG.Second" time="0.010" errors="0" timestamp="2021-06-26T13:27:29 IST" skipped="0">
  <testcase classname="TestNG.Second" name="payment" time="0.010"/>
  <system-out/>
</testsuite> <!-- TestNG.Second -->
