<?xml version="1.0" encoding="UTF-8"?>
<!-- Generated by org.testng.reporters.JUnitReportReporter -->
<testsuite hostname="Mithuns-MacBook-Pro.local" failures="0" tests="2" name="TestNG.Annotations" time="0.011" errors="0" timestamp="2021-06-26T13:27:29 IST" skipped="0">
  <testcase classname="TestNG.Annotations" name="Login" time="0.004"/>
  <system-out/>
  <testcase classname="TestNG.Annotations" name="Flight_book" time="0.007"/>
  <system-out/>
</testsuite> <!-- TestNG.Annotations -->
