<?xml version="1.0" encoding="UTF-8"?>
<!-- Generated by org.testng.reporters.JUnitReportReporter -->
<testsuite hostname="Mithuns-MacBook-Pro.local" failures="0" tests="1" name="TestNG.Priority" time="0.011" errors="0" timestamp="2021-06-27T13:42:43 IST" skipped="0">
  <testcase classname="TestNG.Priority" name="testfour" time="0.011"/>
  <system-out/>
</testsuite> <!-- TestNG.Priority -->
